[0.698s] Invoking command in '/home/psy/fyp/v2scara/build/state_publisher': PYTHONPATH=/home/psy/fyp/v2scara/build/state_publisher/prefix_override:/home/psy/fyp/v2scara/install/state_publisher/lib/python3.10/site-packages:${PYTHONPATH} /usr/bin/python3 setup.py develop --editable --build-directory /home/psy/fyp/v2scara/build/state_publisher/build --no-deps install_data
[0.928s] running develop
[1.074s] running egg_info
[1.074s] creating state_publisher.egg-info
[1.074s] writing state_publisher.egg-info/PKG-INFO
[1.075s] writing dependency_links to state_publisher.egg-info/dependency_links.txt
[1.075s] writing entry points to state_publisher.egg-info/entry_points.txt
[1.075s] writing requirements to state_publisher.egg-info/requires.txt
[1.075s] writing top-level names to state_publisher.egg-info/top_level.txt
[1.075s] writing manifest file 'state_publisher.egg-info/SOURCES.txt'
[1.077s] reading manifest file 'state_publisher.egg-info/SOURCES.txt'
[1.077s] writing manifest file 'state_publisher.egg-info/SOURCES.txt'
[1.078s] running build_ext
[1.079s] Creating /home/psy/fyp/v2scara/install/state_publisher/lib/python3.10/site-packages/state-publisher.egg-link (link to .)
[1.079s] Installing py_publisher script to /home/psy/fyp/v2scara/install/state_publisher/lib/state_publisher
[1.080s] 
[1.080s] Installed /home/psy/fyp/v2scara/build/state_publisher
[1.080s] running install_data
[1.080s] creating /home/psy/fyp/v2scara/install/state_publisher/share/ament_index
[1.080s] creating /home/psy/fyp/v2scara/install/state_publisher/share/ament_index/resource_index
[1.080s] creating /home/psy/fyp/v2scara/install/state_publisher/share/ament_index/resource_index/packages
[1.080s] copying resource/state_publisher -> /home/psy/fyp/v2scara/install/state_publisher/share/ament_index/resource_index/packages
[1.080s] copying package.xml -> /home/psy/fyp/v2scara/install/state_publisher/share/state_publisher
[1.109s] Invoked command in '/home/psy/fyp/v2scara/build/state_publisher' returned '0': PYTHONPATH=/home/psy/fyp/v2scara/build/state_publisher/prefix_override:/home/psy/fyp/v2scara/install/state_publisher/lib/python3.10/site-packages:${PYTHONPATH} /usr/bin/python3 setup.py develop --editable --build-directory /home/psy/fyp/v2scara/build/state_publisher/build --no-deps install_data
